13:04:06.511 [main] INFO  c.l.simplenotesapi.SimpleNotesApi - Starting SimpleNotesApi using Java 17.0.5 with PID 13852 (D:\projects\simple-notes-api\target\classes started by Rajendra in D:\projects\simple-notes-api)
13:04:06.514 [main] INFO  c.l.simplenotesapi.SimpleNotesApi - No active profile set, falling back to 1 default profile: "default"
13:04:07.679 [main] INFO  o.s.d.r.c.RepositoryConfigurationDelegate - Bootstrapping Spring Data JPA repositories in DEFAULT mode.
13:04:07.790 [main] INFO  o.s.d.r.c.RepositoryConfigurationDelegate - Finished Spring Data repository scanning in 101 ms. Found 2 JPA repository interfaces.
13:04:08.409 [main] INFO  o.s.b.w.e.tomcat.TomcatWebServer - Tomcat initialized with port 8081 (http)
13:04:08.427 [main] INFO  o.a.coyote.http11.Http11NioProtocol - Initializing ProtocolHandler ["http-nio-8081"]
13:04:08.430 [main] INFO  o.a.catalina.core.StandardService - Starting service [Tomcat]
13:04:08.430 [main] INFO  o.a.catalina.core.StandardEngine - Starting Servlet engine: [Apache Tomcat/10.1.25]
13:04:08.507 [main] INFO  o.a.c.c.C.[Tomcat].[localhost].[/] - Initializing Spring embedded WebApplicationContext
13:04:08.508 [main] INFO  o.s.b.w.s.c.ServletWebServerApplicationContext - Root WebApplicationContext: initialization completed in 1919 ms
13:04:08.687 [main] INFO  o.h.jpa.internal.util.LogHelper - HHH000204: Processing PersistenceUnitInfo [name: default]
13:04:08.759 [main] INFO  org.hibernate.Version - HHH000412: Hibernate ORM core version 6.5.2.Final
13:04:08.800 [main] INFO  o.h.c.i.RegionFactoryInitiator - HHH000026: Second-level cache disabled
13:04:09.190 [main] INFO  o.s.o.j.p.SpringPersistenceUnitInfo - No LoadTimeWeaver setup: ignoring JPA class transformer
13:04:09.223 [main] INFO  com.zaxxer.hikari.HikariDataSource - notes_api - Starting...
13:04:09.562 [main] INFO  com.zaxxer.hikari.pool.HikariPool - notes_api - Added connection com.mysql.cj.jdbc.ConnectionImpl@106459d9
13:04:09.564 [main] INFO  com.zaxxer.hikari.HikariDataSource - notes_api - Start completed.
13:04:09.627 [main] WARN  org.hibernate.orm.deprecation - HHH90000025: MySQLDialect does not need to be specified explicitly using 'hibernate.dialect' (remove the property setting and it will be selected by default)
13:04:10.696 [main] INFO  o.h.e.t.j.p.i.JtaPlatformInitiator - HHH000489: No JTA platform available (set 'hibernate.transaction.jta.platform' to enable JTA platform integration)
13:04:10.758 [main] INFO  o.s.o.j.LocalContainerEntityManagerFactoryBean - Initialized JPA EntityManagerFactory for persistence unit 'default'
13:04:11.220 [main] INFO  o.s.s.c.a.a.c.InitializeAuthenticationProviderBeanManagerConfigurer$InitializeAuthenticationProviderManagerConfigurer - Global AuthenticationManager configured with AuthenticationProvider bean with name authenticationProvider
13:04:11.221 [main] WARN  o.s.s.c.a.a.c.InitializeUserDetailsBeanManagerConfigurer$InitializeUserDetailsManagerConfigurer - Global AuthenticationManager configured with an AuthenticationProvider bean. UserDetailsService beans will not be used for username/password login. Consider removing the AuthenticationProvider bean. Alternatively, consider using the UserDetailsService in a manually instantiated DaoAuthenticationProvider.
13:04:11.241 [main] WARN  o.s.b.a.o.j.JpaBaseConfiguration$JpaWebConfiguration - spring.jpa.open-in-view is enabled by default. Therefore, database queries may be performed during view rendering. Explicitly configure spring.jpa.open-in-view to disable this warning
13:04:11.786 [main] INFO  o.a.coyote.http11.Http11NioProtocol - Starting ProtocolHandler ["http-nio-8081"]
13:04:11.806 [main] INFO  o.s.b.w.e.tomcat.TomcatWebServer - Tomcat started on port 8081 (http) with context path '/'
13:04:11.817 [main] INFO  c.l.simplenotesapi.SimpleNotesApi - Started SimpleNotesApi in 5.83 seconds (process running for 7.012)
13:04:28.143 [http-nio-8081-exec-2] INFO  o.a.c.c.C.[Tomcat].[localhost].[/] - Initializing Spring DispatcherServlet 'dispatcherServlet'
13:04:28.144 [http-nio-8081-exec-2] INFO  o.s.web.servlet.DispatcherServlet - Initializing Servlet 'dispatcherServlet'
13:04:28.145 [http-nio-8081-exec-2] INFO  o.s.web.servlet.DispatcherServlet - Completed initialization in 1 ms
13:04:28.781 [http-nio-8081-exec-2] INFO  c.l.s.service.AuthService - User logged in :  linkwithjs@gmail.com
13:11:45.017 [http-nio-8081-exec-5] INFO  c.l.s.service.AuthService - User logged in :  linkwithjs@gmail.com
13:14:42.915 [SpringApplicationShutdownHook] INFO  o.s.o.j.LocalContainerEntityManagerFactoryBean - Closing JPA EntityManagerFactory for persistence unit 'default'
13:14:42.918 [SpringApplicationShutdownHook] INFO  com.zaxxer.hikari.HikariDataSource - notes_api - Shutdown initiated...
13:14:42.927 [SpringApplicationShutdownHook] INFO  com.zaxxer.hikari.HikariDataSource - notes_api - Shutdown completed.
