13:14:47.350 [main] INFO  c.l.simplenotesapi.SimpleNotesApi - Starting SimpleNotesApi using Java 17.0.5 with PID 3872 (D:\projects\simple-notes-api\target\classes started by Rajendra in D:\projects\simple-notes-api)
13:14:47.355 [main] INFO  c.l.simplenotesapi.SimpleNotesApi - No active profile set, falling back to 1 default profile: "default"
13:14:48.441 [main] INFO  o.s.d.r.c.RepositoryConfigurationDelegate - Bootstrapping Spring Data JPA repositories in DEFAULT mode.
13:14:48.541 [main] INFO  o.s.d.r.c.RepositoryConfigurationDelegate - Finished Spring Data repository scanning in 87 ms. Found 2 JPA repository interfaces.
13:14:49.281 [main] INFO  o.s.b.w.e.tomcat.TomcatWebServer - Tomcat initialized with port 8081 (http)
13:14:49.298 [main] INFO  o.a.coyote.http11.Http11NioProtocol - Initializing ProtocolHandler ["http-nio-8081"]
13:14:49.300 [main] INFO  o.a.catalina.core.StandardService - Starting service [Tomcat]
13:14:49.301 [main] INFO  o.a.catalina.core.StandardEngine - Starting Servlet engine: [Apache Tomcat/10.1.25]
13:14:49.371 [main] INFO  o.a.c.c.C.[Tomcat].[localhost].[/] - Initializing Spring embedded WebApplicationContext
13:14:49.371 [main] INFO  o.s.b.w.s.c.ServletWebServerApplicationContext - Root WebApplicationContext: initialization completed in 1940 ms
13:14:49.580 [main] INFO  o.h.jpa.internal.util.LogHelper - HHH000204: Processing PersistenceUnitInfo [name: default]
13:14:49.656 [main] INFO  org.hibernate.Version - HHH000412: Hibernate ORM core version 6.5.2.Final
13:14:49.711 [main] INFO  o.h.c.i.RegionFactoryInitiator - HHH000026: Second-level cache disabled
13:14:50.136 [main] INFO  o.s.o.j.p.SpringPersistenceUnitInfo - No LoadTimeWeaver setup: ignoring JPA class transformer
13:14:50.173 [main] INFO  com.zaxxer.hikari.HikariDataSource - notes_api - Starting...
13:14:50.544 [main] INFO  com.zaxxer.hikari.pool.HikariPool - notes_api - Added connection com.mysql.cj.jdbc.ConnectionImpl@32d22650
13:14:50.546 [main] INFO  com.zaxxer.hikari.HikariDataSource - notes_api - Start completed.
13:14:50.622 [main] WARN  org.hibernate.orm.deprecation - HHH90000025: MySQLDialect does not need to be specified explicitly using 'hibernate.dialect' (remove the property setting and it will be selected by default)
13:14:51.785 [main] INFO  o.h.e.t.j.p.i.JtaPlatformInitiator - HHH000489: No JTA platform available (set 'hibernate.transaction.jta.platform' to enable JTA platform integration)
13:14:51.840 [main] INFO  o.s.o.j.LocalContainerEntityManagerFactoryBean - Initialized JPA EntityManagerFactory for persistence unit 'default'
13:14:52.356 [main] INFO  o.s.s.c.a.a.c.InitializeAuthenticationProviderBeanManagerConfigurer$InitializeAuthenticationProviderManagerConfigurer - Global AuthenticationManager configured with AuthenticationProvider bean with name authenticationProvider
13:14:52.356 [main] WARN  o.s.s.c.a.a.c.InitializeUserDetailsBeanManagerConfigurer$InitializeUserDetailsManagerConfigurer - Global AuthenticationManager configured with an AuthenticationProvider bean. UserDetailsService beans will not be used for username/password login. Consider removing the AuthenticationProvider bean. Alternatively, consider using the UserDetailsService in a manually instantiated DaoAuthenticationProvider.
13:14:52.377 [main] WARN  o.s.b.a.o.j.JpaBaseConfiguration$JpaWebConfiguration - spring.jpa.open-in-view is enabled by default. Therefore, database queries may be performed during view rendering. Explicitly configure spring.jpa.open-in-view to disable this warning
13:14:52.923 [main] INFO  o.a.coyote.http11.Http11NioProtocol - Starting ProtocolHandler ["http-nio-8081"]
13:14:52.950 [main] INFO  o.s.b.w.e.tomcat.TomcatWebServer - Tomcat started on port 8081 (http) with context path '/'
13:14:52.965 [main] INFO  c.l.simplenotesapi.SimpleNotesApi - Started SimpleNotesApi in 6.13 seconds (process running for 7.526)
13:15:01.412 [http-nio-8081-exec-1] INFO  o.a.c.c.C.[Tomcat].[localhost].[/] - Initializing Spring DispatcherServlet 'dispatcherServlet'
13:15:01.413 [http-nio-8081-exec-1] INFO  o.s.web.servlet.DispatcherServlet - Initializing Servlet 'dispatcherServlet'
13:15:01.414 [http-nio-8081-exec-1] INFO  o.s.web.servlet.DispatcherServlet - Completed initialization in 1 ms
13:15:02.088 [http-nio-8081-exec-1] INFO  c.l.s.service.AuthService - User logged in :  linkwithjs@gmail.com
13:17:36.785 [SpringApplicationShutdownHook] INFO  o.s.o.j.LocalContainerEntityManagerFactoryBean - Closing JPA EntityManagerFactory for persistence unit 'default'
13:17:36.787 [SpringApplicationShutdownHook] INFO  com.zaxxer.hikari.HikariDataSource - notes_api - Shutdown initiated...
13:17:36.798 [SpringApplicationShutdownHook] INFO  com.zaxxer.hikari.HikariDataSource - notes_api - Shutdown completed.
